{"/Users/bytedance/awesome-tree/src/awesome-tree.ts": {"path":"/Users/bytedance/awesome-tree/src/awesome-tree.ts","statementMap":{"0":{"start":{"line":15,"column":0},"end":{"line":15,"column":null}},"1":{"start":{"line":24,"column":0},"end":{"line":24,"column":32}},"2":{"start":{"line":25,"column":0},"end":{"line":25,"column":33}},"3":{"start":{"line":26,"column":0},"end":{"line":26,"column":56}},"4":{"start":{"line":27,"column":0},"end":{"line":27,"column":59}},"5":{"start":{"line":38,"column":52},"end":{"line":38,"column":54}},"6":{"start":{"line":39,"column":2},"end":{"line":73,"column":null}},"7":{"start":{"line":41,"column":6},"end":{"line":41,"column":41}},"8":{"start":{"line":42,"column":4},"end":{"line":42,"column":null}},"9":{"start":{"line":43,"column":4},"end":{"line":43,"column":null}},"10":{"start":{"line":44,"column":4},"end":{"line":44,"column":null}},"11":{"start":{"line":45,"column":4},"end":{"line":45,"column":null}},"12":{"start":{"line":46,"column":4},"end":{"line":46,"column":null}},"13":{"start":{"line":47,"column":4},"end":{"line":47,"column":null}},"14":{"start":{"line":48,"column":4},"end":{"line":48,"column":null}},"15":{"start":{"line":51,"column":4},"end":{"line":64,"column":null}},"16":{"start":{"line":52,"column":26},"end":{"line":52,"column":51}},"17":{"start":{"line":53,"column":6},"end":{"line":63,"column":null}},"18":{"start":{"line":54,"column":8},"end":{"line":62,"column":null}},"19":{"start":{"line":66,"column":4},"end":{"line":66,"column":null}},"20":{"start":{"line":67,"column":4},"end":{"line":67,"column":null}},"21":{"start":{"line":69,"column":4},"end":{"line":71,"column":null}},"22":{"start":{"line":70,"column":6},"end":{"line":70,"column":null}},"23":{"start":{"line":72,"column":4},"end":{"line":72,"column":null}},"24":{"start":{"line":75,"column":2},"end":{"line":75,"column":null}},"25":{"start":{"line":89,"column":6},"end":{"line":89,"column":13}},"26":{"start":{"line":91,"column":50},"end":{"line":91,"column":59}},"27":{"start":{"line":92,"column":64},"end":{"line":92,"column":73}},"28":{"start":{"line":94,"column":31},"end":{"line":119,"column":null}},"29":{"start":{"line":97,"column":8},"end":{"line":97,"column":null}},"30":{"start":{"line":100,"column":8},"end":{"line":100,"column":null}},"31":{"start":{"line":103,"column":8},"end":{"line":103,"column":null}},"32":{"start":{"line":106,"column":8},"end":{"line":106,"column":null}},"33":{"start":{"line":109,"column":8},"end":{"line":109,"column":null}},"34":{"start":{"line":116,"column":8},"end":{"line":116,"column":null}},"35":{"start":{"line":122,"column":52},"end":{"line":127,"column":null}},"36":{"start":{"line":135,"column":4},"end":{"line":135,"column":null}},"37":{"start":{"line":135,"column":21},"end":{"line":135,"column":null}},"38":{"start":{"line":136,"column":17},"end":{"line":136,"column":40}},"39":{"start":{"line":138,"column":4},"end":{"line":139,"column":null}},"40":{"start":{"line":139,"column":6},"end":{"line":139,"column":null}},"41":{"start":{"line":141,"column":4},"end":{"line":141,"column":null}},"42":{"start":{"line":149,"column":4},"end":{"line":149,"column":null}},"43":{"start":{"line":149,"column":21},"end":{"line":149,"column":null}},"44":{"start":{"line":150,"column":17},"end":{"line":150,"column":40}},"45":{"start":{"line":152,"column":4},"end":{"line":152,"column":null}},"46":{"start":{"line":152,"column":30},"end":{"line":152,"column":null}},"47":{"start":{"line":154,"column":4},"end":{"line":154,"column":null}},"48":{"start":{"line":164,"column":4},"end":{"line":164,"column":null}},"49":{"start":{"line":164,"column":21},"end":{"line":164,"column":null}},"50":{"start":{"line":165,"column":17},"end":{"line":165,"column":40}},"51":{"start":{"line":166,"column":4},"end":{"line":166,"column":null}},"52":{"start":{"line":166,"column":33},"end":{"line":166,"column":null}},"53":{"start":{"line":167,"column":4},"end":{"line":167,"column":null}},"54":{"start":{"line":178,"column":4},"end":{"line":178,"column":null}},"55":{"start":{"line":178,"column":21},"end":{"line":178,"column":null}},"56":{"start":{"line":179,"column":17},"end":{"line":179,"column":30}},"57":{"start":{"line":180,"column":4},"end":{"line":180,"column":null}},"58":{"start":{"line":180,"column":15},"end":{"line":180,"column":null}},"59":{"start":{"line":182,"column":4},"end":{"line":182,"column":null}},"60":{"start":{"line":193,"column":17},"end":{"line":193,"column":30}},"61":{"start":{"line":194,"column":4},"end":{"line":194,"column":null}},"62":{"start":{"line":194,"column":15},"end":{"line":194,"column":null}},"63":{"start":{"line":195,"column":4},"end":{"line":195,"column":null}},"64":{"start":{"line":204,"column":17},"end":{"line":204,"column":30}},"65":{"start":{"line":205,"column":4},"end":{"line":205,"column":null}},"66":{"start":{"line":205,"column":15},"end":{"line":205,"column":null}},"67":{"start":{"line":207,"column":4},"end":{"line":207,"column":null}},"68":{"start":{"line":216,"column":17},"end":{"line":216,"column":30}},"69":{"start":{"line":217,"column":4},"end":{"line":217,"column":null}},"70":{"start":{"line":217,"column":15},"end":{"line":217,"column":null}},"71":{"start":{"line":219,"column":4},"end":{"line":219,"column":null}},"72":{"start":{"line":223,"column":44},"end":{"line":252,"column":null}},"73":{"start":{"line":230,"column":6},"end":{"line":230,"column":null}},"74":{"start":{"line":237,"column":6},"end":{"line":237,"column":null}},"75":{"start":{"line":243,"column":6},"end":{"line":243,"column":null}},"76":{"start":{"line":246,"column":6},"end":{"line":246,"column":null}},"77":{"start":{"line":254,"column":2},"end":{"line":254,"column":null}},"78":{"start":{"line":78,"column":0},"end":{"line":78,"column":16}}},"fnMap":{"0":{"name":"generateTreeNodes","decl":{"start":{"line":29,"column":9},"end":{"line":29,"column":26}},"loc":{"start":{"line":36,"column":19},"end":{"line":76,"column":1}}},"1":{"name":"(anonymous_1)","decl":{"start":{"line":39,"column":19},"end":{"line":39,"column":20}},"loc":{"start":{"line":39,"column":38},"end":{"line":73,"column":3}}},"2":{"name":"createAwesomeTree","decl":{"start":{"line":78,"column":16},"end":{"line":78,"column":33}},"loc":{"start":{"line":80,"column":45},"end":{"line":255,"column":1}}},"3":{"name":"(anonymous_3)","decl":{"start":{"line":96,"column":6},"end":{"line":96,"column":10}},"loc":{"start":{"line":96,"column":13},"end":{"line":98,"column":7}}},"4":{"name":"(anonymous_4)","decl":{"start":{"line":99,"column":6},"end":{"line":99,"column":10}},"loc":{"start":{"line":99,"column":18},"end":{"line":101,"column":7}}},"5":{"name":"(anonymous_5)","decl":{"start":{"line":102,"column":6},"end":{"line":102,"column":10}},"loc":{"start":{"line":102,"column":17},"end":{"line":104,"column":7}}},"6":{"name":"(anonymous_6)","decl":{"start":{"line":105,"column":6},"end":{"line":105,"column":10}},"loc":{"start":{"line":105,"column":19},"end":{"line":107,"column":7}}},"7":{"name":"(anonymous_7)","decl":{"start":{"line":108,"column":6},"end":{"line":108,"column":10}},"loc":{"start":{"line":108,"column":16},"end":{"line":110,"column":7}}},"8":{"name":"(anonymous_8)","decl":{"start":{"line":111,"column":6},"end":{"line":111,"column":12}},"loc":{"start":{"line":114,"column":33},"end":{"line":117,"column":7}}},"9":{"name":"getNode","decl":{"start":{"line":134,"column":11},"end":{"line":134,"column":18}},"loc":{"start":{"line":134,"column":46},"end":{"line":142,"column":3}}},"10":{"name":"getGroupNode","decl":{"start":{"line":148,"column":11},"end":{"line":148,"column":23}},"loc":{"start":{"line":148,"column":51},"end":{"line":155,"column":3}}},"11":{"name":"_getNode","decl":{"start":{"line":161,"column":11},"end":{"line":161,"column":19}},"loc":{"start":{"line":162,"column":31},"end":{"line":168,"column":3}}},"12":{"name":"getPrev","decl":{"start":{"line":174,"column":11},"end":{"line":174,"column":18}},"loc":{"start":{"line":176,"column":34},"end":{"line":183,"column":3}}},"13":{"name":"getNext","decl":{"start":{"line":189,"column":11},"end":{"line":189,"column":18}},"loc":{"start":{"line":191,"column":33},"end":{"line":196,"column":3}}},"14":{"name":"getParent","decl":{"start":{"line":201,"column":11},"end":{"line":201,"column":20}},"loc":{"start":{"line":202,"column":31},"end":{"line":208,"column":3}}},"15":{"name":"getChild","decl":{"start":{"line":213,"column":11},"end":{"line":213,"column":19}},"loc":{"start":{"line":214,"column":31},"end":{"line":220,"column":3}}},"16":{"name":"(anonymous_16)","decl":{"start":{"line":229,"column":4},"end":{"line":229,"column":11}},"loc":{"start":{"line":229,"column":69},"end":{"line":231,"column":5}}},"17":{"name":"(anonymous_17)","decl":{"start":{"line":233,"column":4},"end":{"line":233,"column":11}},"loc":{"start":{"line":235,"column":25},"end":{"line":238,"column":5}}},"18":{"name":"(anonymous_18)","decl":{"start":{"line":239,"column":4},"end":{"line":239,"column":23}},"loc":{"start":{"line":241,"column":22},"end":{"line":244,"column":5}}},"19":{"name":"(anonymous_19)","decl":{"start":{"line":245,"column":4},"end":{"line":245,"column":25}},"loc":{"start":{"line":245,"column":25},"end":{"line":247,"column":5}}}},"branchMap":{"0":{"loc":{"start":{"line":35,"column":2},"end":{"line":35,"column":15}},"type":"default-arg","locations":[{"start":{"line":35,"column":11},"end":{"line":35,"column":15}}]},"1":{"loc":{"start":{"line":36,"column":2},"end":{"line":36,"column":19}},"type":"default-arg","locations":[{"start":{"line":36,"column":18},"end":{"line":36,"column":19}}]},"2":{"loc":{"start":{"line":51,"column":4},"end":{"line":64,"column":null}},"type":"if","locations":[{"start":{"line":51,"column":4},"end":{"line":64,"column":null}}]},"3":{"loc":{"start":{"line":53,"column":6},"end":{"line":63,"column":null}},"type":"if","locations":[{"start":{"line":53,"column":6},"end":{"line":63,"column":null}}]},"4":{"loc":{"start":{"line":69,"column":4},"end":{"line":71,"column":null}},"type":"if","locations":[{"start":{"line":69,"column":4},"end":{"line":71,"column":null}}]},"5":{"loc":{"start":{"line":80,"column":2},"end":{"line":80,"column":45}},"type":"default-arg","locations":[{"start":{"line":80,"column":43},"end":{"line":80,"column":45}}]},"6":{"loc":{"start":{"line":83,"column":4},"end":{"line":83,"column":34}},"type":"default-arg","locations":[{"start":{"line":83,"column":17},"end":{"line":83,"column":34}}]},"7":{"loc":{"start":{"line":84,"column":4},"end":{"line":84,"column":26}},"type":"default-arg","locations":[{"start":{"line":84,"column":13},"end":{"line":84,"column":26}}]},"8":{"loc":{"start":{"line":85,"column":4},"end":{"line":85,"column":36}},"type":"default-arg","locations":[{"start":{"line":85,"column":18},"end":{"line":85,"column":36}}]},"9":{"loc":{"start":{"line":86,"column":4},"end":{"line":86,"column":28}},"type":"default-arg","locations":[{"start":{"line":86,"column":14},"end":{"line":86,"column":28}}]},"10":{"loc":{"start":{"line":87,"column":4},"end":{"line":87,"column":32}},"type":"default-arg","locations":[{"start":{"line":87,"column":16},"end":{"line":87,"column":32}}]},"11":{"loc":{"start":{"line":88,"column":4},"end":{"line":88,"column":26}},"type":"default-arg","locations":[{"start":{"line":88,"column":13},"end":{"line":88,"column":26}}]},"12":{"loc":{"start":{"line":114,"column":8},"end":{"line":114,"column":33}},"type":"default-arg","locations":[{"start":{"line":114,"column":28},"end":{"line":114,"column":33}}]},"13":{"loc":{"start":{"line":135,"column":4},"end":{"line":135,"column":null}},"type":"if","locations":[{"start":{"line":135,"column":4},"end":{"line":135,"column":null}}]},"14":{"loc":{"start":{"line":138,"column":4},"end":{"line":139,"column":null}},"type":"if","locations":[{"start":{"line":138,"column":4},"end":{"line":139,"column":null}}]},"15":{"loc":{"start":{"line":138,"column":8},"end":{"line":138,"column":48}},"type":"binary-expr","locations":[{"start":{"line":138,"column":8},"end":{"line":138,"column":12}},{"start":{"line":138,"column":16},"end":{"line":138,"column":29}},{"start":{"line":138,"column":33},"end":{"line":138,"column":48}}]},"16":{"loc":{"start":{"line":149,"column":4},"end":{"line":149,"column":null}},"type":"if","locations":[{"start":{"line":149,"column":4},"end":{"line":149,"column":null}}]},"17":{"loc":{"start":{"line":152,"column":4},"end":{"line":152,"column":null}},"type":"if","locations":[{"start":{"line":152,"column":4},"end":{"line":152,"column":null}}]},"18":{"loc":{"start":{"line":152,"column":8},"end":{"line":152,"column":28}},"type":"binary-expr","locations":[{"start":{"line":152,"column":8},"end":{"line":152,"column":12}},{"start":{"line":152,"column":16},"end":{"line":152,"column":28}}]},"19":{"loc":{"start":{"line":164,"column":4},"end":{"line":164,"column":null}},"type":"if","locations":[{"start":{"line":164,"column":4},"end":{"line":164,"column":null}}]},"20":{"loc":{"start":{"line":166,"column":4},"end":{"line":166,"column":null}},"type":"if","locations":[{"start":{"line":166,"column":4},"end":{"line":166,"column":null}}]},"21":{"loc":{"start":{"line":166,"column":8},"end":{"line":166,"column":31}},"type":"binary-expr","locations":[{"start":{"line":166,"column":8},"end":{"line":166,"column":12}},{"start":{"line":166,"column":16},"end":{"line":166,"column":31}}]},"22":{"loc":{"start":{"line":178,"column":4},"end":{"line":178,"column":null}},"type":"if","locations":[{"start":{"line":178,"column":4},"end":{"line":178,"column":null}}]},"23":{"loc":{"start":{"line":180,"column":4},"end":{"line":180,"column":null}},"type":"if","locations":[{"start":{"line":180,"column":4},"end":{"line":180,"column":null}}]},"24":{"loc":{"start":{"line":194,"column":4},"end":{"line":194,"column":null}},"type":"if","locations":[{"start":{"line":194,"column":4},"end":{"line":194,"column":null}}]},"25":{"loc":{"start":{"line":205,"column":4},"end":{"line":205,"column":null}},"type":"if","locations":[{"start":{"line":205,"column":4},"end":{"line":205,"column":null}}]},"26":{"loc":{"start":{"line":217,"column":4},"end":{"line":217,"column":null}},"type":"if","locations":[{"start":{"line":217,"column":4},"end":{"line":217,"column":null}}]},"27":{"loc":{"start":{"line":229,"column":41},"end":{"line":229,"column":69}},"type":"default-arg","locations":[{"start":{"line":229,"column":67},"end":{"line":229,"column":69}}]},"28":{"loc":{"start":{"line":241,"column":6},"end":{"line":241,"column":22}},"type":"default-arg","locations":[{"start":{"line":241,"column":18},"end":{"line":241,"column":22}}]}},"s":{"0":1,"1":1,"2":1,"3":1,"4":1,"5":8,"6":8,"7":19,"8":19,"9":19,"10":19,"11":19,"12":19,"13":19,"14":19,"15":19,"16":19,"17":19,"18":6,"19":19,"20":19,"21":19,"22":5,"23":19,"24":8,"25":2,"26":2,"27":2,"28":2,"29":25,"30":4,"31":11,"32":37,"33":0,"34":0,"35":2,"36":0,"37":0,"38":0,"39":0,"40":0,"41":0,"42":0,"43":0,"44":0,"45":0,"46":0,"47":0,"48":9,"49":0,"50":9,"51":9,"52":9,"53":0,"54":1,"55":0,"56":1,"57":1,"58":0,"59":1,"60":3,"61":3,"62":0,"63":3,"64":3,"65":3,"66":0,"67":3,"68":2,"69":2,"70":0,"71":2,"72":2,"73":0,"74":0,"75":0,"76":0,"77":2,"78":1},"f":{"0":8,"1":19,"2":2,"3":25,"4":4,"5":11,"6":37,"7":0,"8":0,"9":0,"10":0,"11":9,"12":1,"13":3,"14":3,"15":2,"16":0,"17":0,"18":0,"19":0},"b":{"0":[2],"1":[2],"2":[19],"3":[6],"4":[5],"5":[2],"6":[2],"7":[2],"8":[2],"9":[2],"10":[2],"11":[2],"12":[0],"13":[0],"14":[0],"15":[0,0,0],"16":[0],"17":[0],"18":[0,0],"19":[0],"20":[9],"21":[9,9],"22":[0],"23":[0],"24":[0],"25":[0],"26":[0],"27":[0],"28":[0]}}
,"/Users/bytedance/awesome-tree/src/flatten.ts": {"path":"/Users/bytedance/awesome-tree/src/flatten.ts","statementMap":{"0":{"start":{"line":4,"column":2},"end":{"line":4,"column":null}},"1":{"start":{"line":11,"column":54},"end":{"line":11,"column":56}},"2":{"start":{"line":14,"column":4},"end":{"line":25,"column":null}},"3":{"start":{"line":15,"column":6},"end":{"line":24,"column":null}},"4":{"start":{"line":16,"column":8},"end":{"line":16,"column":34}},"5":{"start":{"line":16,"column":28},"end":{"line":16,"column":34}},"6":{"start":{"line":18,"column":8},"end":{"line":20,"column":null}},"7":{"start":{"line":19,"column":10},"end":{"line":19,"column":null}},"8":{"start":{"line":22,"column":8},"end":{"line":22,"column":48}},"9":{"start":{"line":22,"column":42},"end":{"line":22,"column":48}},"10":{"start":{"line":23,"column":8},"end":{"line":23,"column":null}},"11":{"start":{"line":27,"column":2},"end":{"line":32,"column":null}},"12":{"start":{"line":28,"column":4},"end":{"line":28,"column":null}},"13":{"start":{"line":29,"column":9},"end":{"line":32,"column":null}},"14":{"start":{"line":30,"column":4},"end":{"line":30,"column":null}},"15":{"start":{"line":31,"column":4},"end":{"line":31,"column":null}},"16":{"start":{"line":34,"column":2},"end":{"line":34,"column":null}},"17":{"start":{"line":7,"column":0},"end":{"line":7,"column":16}},"18":{"start":{"line":42,"column":54},"end":{"line":42,"column":56}},"19":{"start":{"line":43,"column":25},"end":{"line":43,"column":51}},"20":{"start":{"line":46,"column":4},"end":{"line":65,"column":null}},"21":{"start":{"line":47,"column":6},"end":{"line":64,"column":null}},"22":{"start":{"line":48,"column":8},"end":{"line":48,"column":34}},"23":{"start":{"line":48,"column":28},"end":{"line":48,"column":34}},"24":{"start":{"line":51,"column":8},"end":{"line":57,"column":null}},"25":{"start":{"line":52,"column":10},"end":{"line":52,"column":null}},"26":{"start":{"line":53,"column":10},"end":{"line":55,"column":null}},"27":{"start":{"line":54,"column":12},"end":{"line":54,"column":null}},"28":{"start":{"line":56,"column":10},"end":{"line":56,"column":16}},"29":{"start":{"line":59,"column":8},"end":{"line":61,"column":null}},"30":{"start":{"line":60,"column":10},"end":{"line":60,"column":null}},"31":{"start":{"line":63,"column":8},"end":{"line":63,"column":null}},"32":{"start":{"line":68,"column":2},"end":{"line":68,"column":null}},"33":{"start":{"line":69,"column":2},"end":{"line":69,"column":null}},"34":{"start":{"line":37,"column":0},"end":{"line":37,"column":16}}},"fnMap":{"0":{"name":"hasChildren","decl":{"start":{"line":3,"column":9},"end":{"line":3,"column":20}},"loc":{"start":{"line":3,"column":56},"end":{"line":5,"column":1}}},"1":{"name":"flatten","decl":{"start":{"line":7,"column":16},"end":{"line":7,"column":23}},"loc":{"start":{"line":9,"column":31},"end":{"line":35,"column":1}}},"2":{"name":"dfs","decl":{"start":{"line":13,"column":11},"end":{"line":13,"column":14}},"loc":{"start":{"line":13,"column":53},"end":{"line":26,"column":3}}},"3":{"name":"(anonymous_3)","decl":{"start":{"line":15,"column":24},"end":{"line":15,"column":25}},"loc":{"start":{"line":15,"column":33},"end":{"line":24,"column":7}}},"4":{"name":"flattenExpandedKeys","decl":{"start":{"line":37,"column":16},"end":{"line":37,"column":35}},"loc":{"start":{"line":40,"column":40},"end":{"line":70,"column":1}}},"5":{"name":"dfs","decl":{"start":{"line":45,"column":11},"end":{"line":45,"column":14}},"loc":{"start":{"line":45,"column":53},"end":{"line":66,"column":3}}},"6":{"name":"(anonymous_6)","decl":{"start":{"line":47,"column":24},"end":{"line":47,"column":25}},"loc":{"start":{"line":47,"column":33},"end":{"line":64,"column":7}}}},"branchMap":{"0":{"loc":{"start":{"line":4,"column":9},"end":{"line":4,"column":50}},"type":"binary-expr","locations":[{"start":{"line":4,"column":9},"end":{"line":4,"column":22}},{"start":{"line":4,"column":26},"end":{"line":4,"column":50}}]},"1":{"loc":{"start":{"line":9,"column":2},"end":{"line":9,"column":31}},"type":"default-arg","locations":[{"start":{"line":9,"column":27},"end":{"line":9,"column":31}}]},"2":{"loc":{"start":{"line":14,"column":4},"end":{"line":25,"column":null}},"type":"if","locations":[{"start":{"line":14,"column":4},"end":{"line":25,"column":null}}]},"3":{"loc":{"start":{"line":14,"column":8},"end":{"line":14,"column":37}},"type":"binary-expr","locations":[{"start":{"line":14,"column":8},"end":{"line":14,"column":17}},{"start":{"line":14,"column":21},"end":{"line":14,"column":37}}]},"4":{"loc":{"start":{"line":16,"column":8},"end":{"line":16,"column":34}},"type":"if","locations":[{"start":{"line":16,"column":8},"end":{"line":16,"column":34}}]},"5":{"loc":{"start":{"line":18,"column":8},"end":{"line":20,"column":null}},"type":"if","locations":[{"start":{"line":18,"column":8},"end":{"line":20,"column":null}}]},"6":{"loc":{"start":{"line":22,"column":8},"end":{"line":22,"column":48}},"type":"if","locations":[{"start":{"line":22,"column":8},"end":{"line":22,"column":48}}]},"7":{"loc":{"start":{"line":22,"column":11},"end":{"line":22,"column":40}},"type":"binary-expr","locations":[{"start":{"line":22,"column":11},"end":{"line":22,"column":24}},{"start":{"line":22,"column":28},"end":{"line":22,"column":40}}]},"8":{"loc":{"start":{"line":27,"column":2},"end":{"line":32,"column":null}},"type":"if","locations":[{"start":{"line":27,"column":2},"end":{"line":32,"column":null}},{"start":{"line":29,"column":9},"end":{"line":32,"column":null}}]},"9":{"loc":{"start":{"line":29,"column":9},"end":{"line":32,"column":null}},"type":"if","locations":[{"start":{"line":29,"column":9},"end":{"line":32,"column":null}}]},"10":{"loc":{"start":{"line":39,"column":2},"end":{"line":39,"column":31}},"type":"default-arg","locations":[{"start":{"line":39,"column":27},"end":{"line":39,"column":31}}]},"11":{"loc":{"start":{"line":46,"column":4},"end":{"line":65,"column":null}},"type":"if","locations":[{"start":{"line":46,"column":4},"end":{"line":65,"column":null}}]},"12":{"loc":{"start":{"line":46,"column":8},"end":{"line":46,"column":37}},"type":"binary-expr","locations":[{"start":{"line":46,"column":8},"end":{"line":46,"column":17}},{"start":{"line":46,"column":21},"end":{"line":46,"column":37}}]},"13":{"loc":{"start":{"line":48,"column":8},"end":{"line":48,"column":34}},"type":"if","locations":[{"start":{"line":48,"column":8},"end":{"line":48,"column":34}}]},"14":{"loc":{"start":{"line":51,"column":8},"end":{"line":57,"column":null}},"type":"if","locations":[{"start":{"line":51,"column":8},"end":{"line":57,"column":null}}]},"15":{"loc":{"start":{"line":51,"column":12},"end":{"line":51,"column":45}},"type":"binary-expr","locations":[{"start":{"line":51,"column":12},"end":{"line":51,"column":24}},{"start":{"line":51,"column":28},"end":{"line":51,"column":45}}]},"16":{"loc":{"start":{"line":53,"column":10},"end":{"line":55,"column":null}},"type":"if","locations":[{"start":{"line":53,"column":10},"end":{"line":55,"column":null}}]},"17":{"loc":{"start":{"line":53,"column":13},"end":{"line":53,"column":43}},"type":"binary-expr","locations":[{"start":{"line":53,"column":13},"end":{"line":53,"column":27}},{"start":{"line":53,"column":31},"end":{"line":53,"column":43}}]},"18":{"loc":{"start":{"line":59,"column":8},"end":{"line":61,"column":null}},"type":"if","locations":[{"start":{"line":59,"column":8},"end":{"line":61,"column":null}}]},"19":{"loc":{"start":{"line":59,"column":12},"end":{"line":59,"column":61}},"type":"binary-expr","locations":[{"start":{"line":59,"column":12},"end":{"line":59,"column":40}},{"start":{"line":59,"column":44},"end":{"line":59,"column":61}}]}},"s":{"0":0,"1":0,"2":0,"3":0,"4":0,"5":0,"6":0,"7":0,"8":0,"9":0,"10":0,"11":0,"12":0,"13":0,"14":0,"15":0,"16":0,"17":1,"18":0,"19":0,"20":0,"21":0,"22":0,"23":0,"24":0,"25":0,"26":0,"27":0,"28":0,"29":0,"30":0,"31":0,"32":0,"33":0,"34":1},"f":{"0":0,"1":0,"2":0,"3":0,"4":0,"5":0,"6":0},"b":{"0":[0,0],"1":[0],"2":[0],"3":[0,0],"4":[0],"5":[0],"6":[0],"7":[0,0],"8":[0,0],"9":[0],"10":[0],"11":[0],"12":[0,0],"13":[0],"14":[0],"15":[0,0],"16":[0],"17":[0,0],"18":[0],"19":[0,0]}}
,"/Users/bytedance/awesome-tree/src/index.ts": {"path":"/Users/bytedance/awesome-tree/src/index.ts","statementMap":{"0":{"start":{"line":1,"column":0},"end":{"line":1,"column":9}},"1":{"start":{"line":1,"column":9},"end":{"line":1,"column":50}}},"fnMap":{"0":{"name":"(anonymous_0)","decl":{"start":{"line":1,"column":9},"end":{"line":1,"column":26}},"loc":{"start":{"line":1,"column":9},"end":{"line":1,"column":50}}}},"branchMap":{},"s":{"0":1,"1":3},"f":{"0":2},"b":{}}
,"/Users/bytedance/awesome-tree/src/internal-utils.ts": {"path":"/Users/bytedance/awesome-tree/src/internal-utils.ts","statementMap":{"0":{"start":{"line":4,"column":2},"end":{"line":4,"column":null}},"1":{"start":{"line":3,"column":0},"end":{"line":3,"column":16}},"2":{"start":{"line":8,"column":2},"end":{"line":8,"column":null}},"3":{"start":{"line":7,"column":0},"end":{"line":7,"column":16}},"4":{"start":{"line":12,"column":2},"end":{"line":12,"column":null}},"5":{"start":{"line":11,"column":0},"end":{"line":11,"column":16}},"6":{"start":{"line":16,"column":2},"end":{"line":16,"column":null}},"7":{"start":{"line":15,"column":0},"end":{"line":15,"column":16}},"8":{"start":{"line":20,"column":2},"end":{"line":20,"column":null}},"9":{"start":{"line":19,"column":0},"end":{"line":19,"column":16}},"10":{"start":{"line":27,"column":21},"end":{"line":27,"column":35}},"11":{"start":{"line":28,"column":2},"end":{"line":30,"column":null}},"12":{"start":{"line":29,"column":4},"end":{"line":29,"column":null}},"13":{"start":{"line":31,"column":2},"end":{"line":31,"column":null}},"14":{"start":{"line":23,"column":0},"end":{"line":23,"column":16}}},"fnMap":{"0":{"name":"defaultGetChildren","decl":{"start":{"line":3,"column":16},"end":{"line":3,"column":34}},"loc":{"start":{"line":3,"column":59},"end":{"line":5,"column":1}}},"1":{"name":"defaultIsDisabled","decl":{"start":{"line":7,"column":16},"end":{"line":7,"column":33}},"loc":{"start":{"line":7,"column":50},"end":{"line":9,"column":1}}},"2":{"name":"defaultGetKey","decl":{"start":{"line":11,"column":16},"end":{"line":11,"column":29}},"loc":{"start":{"line":11,"column":46},"end":{"line":13,"column":1}}},"3":{"name":"defaultIsGroup","decl":{"start":{"line":15,"column":16},"end":{"line":15,"column":30}},"loc":{"start":{"line":15,"column":47},"end":{"line":17,"column":1}}},"4":{"name":"defaultIsSpectre","decl":{"start":{"line":19,"column":16},"end":{"line":19,"column":32}},"loc":{"start":{"line":19,"column":49},"end":{"line":21,"column":1}}},"5":{"name":"defaultIsLeaf","decl":{"start":{"line":23,"column":16},"end":{"line":23,"column":29}},"loc":{"start":{"line":25,"column":56},"end":{"line":32,"column":1}}}},"branchMap":{"0":{"loc":{"start":{"line":25,"column":2},"end":{"line":25,"column":56}},"type":"default-arg","locations":[{"start":{"line":25,"column":38},"end":{"line":25,"column":56}}]},"1":{"loc":{"start":{"line":28,"column":2},"end":{"line":30,"column":null}},"type":"if","locations":[{"start":{"line":28,"column":2},"end":{"line":30,"column":null}}]}},"s":{"0":19,"1":1,"2":4,"3":1,"4":25,"5":1,"6":11,"7":1,"8":37,"9":1,"10":0,"11":0,"12":0,"13":0,"14":1},"f":{"0":19,"1":4,"2":25,"3":11,"4":37,"5":0},"b":{"0":[0],"1":[0]}}
,"/Users/bytedance/awesome-tree/src/move.ts": {"path":"/Users/bytedance/awesome-tree/src/move.ts","statementMap":{"0":{"start":{"line":6,"column":2},"end":{"line":6,"column":null}},"1":{"start":{"line":6,"column":26},"end":{"line":6,"column":null}},"2":{"start":{"line":7,"column":15},"end":{"line":7,"column":23}},"3":{"start":{"line":8,"column":2},"end":{"line":8,"column":null}},"4":{"start":{"line":8,"column":55},"end":{"line":8,"column":null}},"5":{"start":{"line":9,"column":2},"end":{"line":9,"column":null}},"6":{"start":{"line":3,"column":0},"end":{"line":3,"column":16}},"7":{"start":{"line":13,"column":19},"end":{"line":13,"column":32}},"8":{"start":{"line":15,"column":14},"end":{"line":15,"column":29}},"9":{"start":{"line":16,"column":16},"end":{"line":16,"column":26}},"10":{"start":{"line":17,"column":2},"end":{"line":17,"column":null}},"11":{"start":{"line":17,"column":12},"end":{"line":17,"column":null}},"12":{"start":{"line":18,"column":2},"end":{"line":18,"column":null}},"13":{"start":{"line":18,"column":25},"end":{"line":18,"column":null}},"14":{"start":{"line":19,"column":2},"end":{"line":19,"column":null}},"15":{"start":{"line":23,"column":19},"end":{"line":23,"column":32}},"16":{"start":{"line":25,"column":14},"end":{"line":25,"column":29}},"17":{"start":{"line":26,"column":16},"end":{"line":26,"column":26}},"18":{"start":{"line":27,"column":2},"end":{"line":27,"column":null}},"19":{"start":{"line":27,"column":12},"end":{"line":27,"column":null}},"20":{"start":{"line":28,"column":2},"end":{"line":28,"column":null}},"21":{"start":{"line":28,"column":19},"end":{"line":28,"column":null}},"22":{"start":{"line":29,"column":2},"end":{"line":29,"column":null}},"23":{"start":{"line":33,"column":2},"end":{"line":33,"column":null}},"24":{"start":{"line":40,"column":30},"end":{"line":40,"column":37}},"25":{"start":{"line":41,"column":19},"end":{"line":41,"column":32}},"26":{"start":{"line":42,"column":2},"end":{"line":59,"column":null}},"27":{"start":{"line":43,"column":16},"end":{"line":43,"column":31}},"28":{"start":{"line":44,"column":18},"end":{"line":44,"column":39}},"29":{"start":{"line":45,"column":16},"end":{"line":45,"column":34}},"30":{"start":{"line":46,"column":17},"end":{"line":46,"column":33}},"31":{"start":{"line":48,"column":4},"end":{"line":58,"column":null}},"32":{"start":{"line":48,"column":17},"end":{"line":48,"column":22}},"33":{"start":{"line":49,"column":20},"end":{"line":49,"column":31}},"34":{"start":{"line":50,"column":6},"end":{"line":57,"column":null}},"35":{"start":{"line":51,"column":8},"end":{"line":53,"column":null}},"36":{"start":{"line":52,"column":10},"end":{"line":52,"column":null}},"37":{"start":{"line":55,"column":10},"end":{"line":55,"column":null}},"38":{"start":{"line":60,"column":2},"end":{"line":60,"column":null}},"39":{"start":{"line":67,"column":54},"end":{"line":67,"column":61}},"40":{"start":{"line":68,"column":19},"end":{"line":68,"column":55}},"41":{"start":{"line":69,"column":20},"end":{"line":69,"column":25}},"42":{"start":{"line":70,"column":19},"end":{"line":70,"column":23}},"43":{"start":{"line":72,"column":4},"end":{"line":72,"column":29}},"44":{"start":{"line":72,"column":23},"end":{"line":72,"column":29}},"45":{"start":{"line":73,"column":4},"end":{"line":92,"column":null}},"46":{"start":{"line":74,"column":6},"end":{"line":81,"column":null}},"47":{"start":{"line":76,"column":8},"end":{"line":76,"column":null}},"48":{"start":{"line":77,"column":13},"end":{"line":81,"column":null}},"49":{"start":{"line":79,"column":8},"end":{"line":79,"column":null}},"50":{"start":{"line":80,"column":8},"end":{"line":80,"column":14}},"51":{"start":{"line":84,"column":6},"end":{"line":91,"column":null}},"52":{"start":{"line":89,"column":8},"end":{"line":89,"column":null}},"53":{"start":{"line":90,"column":8},"end":{"line":90,"column":14}},"54":{"start":{"line":95,"column":4},"end":{"line":115,"column":null}},"55":{"start":{"line":96,"column":20},"end":{"line":96,"column":64}},"56":{"start":{"line":97,"column":6},"end":{"line":103,"column":null}},"57":{"start":{"line":98,"column":8},"end":{"line":98,"column":null}},"58":{"start":{"line":99,"column":8},"end":{"line":99,"column":14}},"59":{"start":{"line":102,"column":8},"end":{"line":102,"column":null}},"60":{"start":{"line":105,"column":23},"end":{"line":105,"column":43}},"61":{"start":{"line":106,"column":6},"end":{"line":114,"column":null}},"62":{"start":{"line":107,"column":8},"end":{"line":107,"column":null}},"63":{"start":{"line":109,"column":23},"end":{"line":109,"column":39}},"64":{"start":{"line":110,"column":8},"end":{"line":112,"column":null}},"65":{"start":{"line":111,"column":10},"end":{"line":111,"column":null}},"66":{"start":{"line":113,"column":8},"end":{"line":113,"column":14}},"67":{"start":{"line":117,"column":2},"end":{"line":117,"column":null}},"68":{"start":{"line":118,"column":2},"end":{"line":118,"column":null}},"69":{"start":{"line":121,"column":13},"end":{"line":143,"column":null}},"70":{"start":{"line":126,"column":4},"end":{"line":126,"column":null}},"71":{"start":{"line":129,"column":4},"end":{"line":129,"column":null}},"72":{"start":{"line":132,"column":4},"end":{"line":132,"column":null}},"73":{"start":{"line":132,"column":24},"end":{"line":132,"column":null}},"74":{"start":{"line":133,"column":19},"end":{"line":133,"column":30}},"75":{"start":{"line":134,"column":4},"end":{"line":136,"column":null}},"76":{"start":{"line":135,"column":6},"end":{"line":135,"column":null}},"77":{"start":{"line":137,"column":4},"end":{"line":137,"column":null}},"78":{"start":{"line":140,"column":4},"end":{"line":140,"column":null}},"79":{"start":{"line":140,"column":24},"end":{"line":140,"column":null}},"80":{"start":{"line":141,"column":4},"end":{"line":141,"column":null}}},"fnMap":{"0":{"name":"getFirstAvailableNode","decl":{"start":{"line":3,"column":16},"end":{"line":3,"column":37}},"loc":{"start":{"line":4,"column":36},"end":{"line":10,"column":1}}},"1":{"name":"_getNext","decl":{"start":{"line":12,"column":9},"end":{"line":12,"column":17}},"loc":{"start":{"line":12,"column":50},"end":{"line":20,"column":1}}},"2":{"name":"_getPrev","decl":{"start":{"line":22,"column":9},"end":{"line":22,"column":17}},"loc":{"start":{"line":22,"column":50},"end":{"line":30,"column":1}}},"3":{"name":"_getParent","decl":{"start":{"line":32,"column":9},"end":{"line":32,"column":19}},"loc":{"start":{"line":32,"column":37},"end":{"line":34,"column":1}}},"4":{"name":"_getChild","decl":{"start":{"line":36,"column":9},"end":{"line":36,"column":18}},"loc":{"start":{"line":38,"column":37},"end":{"line":61,"column":1}}},"5":{"name":"getTarget","decl":{"start":{"line":63,"column":9},"end":{"line":63,"column":18}},"loc":{"start":{"line":65,"column":35},"end":{"line":119,"column":1}}},"6":{"name":"visitor","decl":{"start":{"line":71,"column":11},"end":{"line":71,"column":18}},"loc":{"start":{"line":71,"column":36},"end":{"line":116,"column":3}}},"7":{"name":"(anonymous_7)","decl":{"start":{"line":125,"column":2},"end":{"line":125,"column":9}},"loc":{"start":{"line":125,"column":78},"end":{"line":127,"column":3}}},"8":{"name":"(anonymous_8)","decl":{"start":{"line":128,"column":2},"end":{"line":128,"column":9}},"loc":{"start":{"line":128,"column":78},"end":{"line":130,"column":3}}},"9":{"name":"(anonymous_9)","decl":{"start":{"line":131,"column":2},"end":{"line":131,"column":11}},"loc":{"start":{"line":131,"column":11},"end":{"line":138,"column":3}}},"10":{"name":"(anonymous_10)","decl":{"start":{"line":139,"column":2},"end":{"line":139,"column":10}},"loc":{"start":{"line":139,"column":10},"end":{"line":142,"column":3}}}},"branchMap":{"0":{"loc":{"start":{"line":6,"column":2},"end":{"line":6,"column":null}},"type":"if","locations":[{"start":{"line":6,"column":2},"end":{"line":6,"column":null}}]},"1":{"loc":{"start":{"line":8,"column":2},"end":{"line":8,"column":null}},"type":"if","locations":[{"start":{"line":8,"column":2},"end":{"line":8,"column":null}}]},"2":{"loc":{"start":{"line":8,"column":6},"end":{"line":8,"column":53}},"type":"binary-expr","locations":[{"start":{"line":8,"column":6},"end":{"line":8,"column":18}},{"start":{"line":8,"column":22},"end":{"line":8,"column":36}},{"start":{"line":8,"column":40},"end":{"line":8,"column":53}}]},"3":{"loc":{"start":{"line":17,"column":2},"end":{"line":17,"column":null}},"type":"if","locations":[{"start":{"line":17,"column":2},"end":{"line":17,"column":null}}]},"4":{"loc":{"start":{"line":18,"column":2},"end":{"line":18,"column":null}},"type":"if","locations":[{"start":{"line":18,"column":2},"end":{"line":18,"column":null}}]},"5":{"loc":{"start":{"line":27,"column":2},"end":{"line":27,"column":null}},"type":"if","locations":[{"start":{"line":27,"column":2},"end":{"line":27,"column":null}}]},"6":{"loc":{"start":{"line":28,"column":2},"end":{"line":28,"column":null}},"type":"if","locations":[{"start":{"line":28,"column":2},"end":{"line":28,"column":null}}]},"7":{"loc":{"start":{"line":38,"column":2},"end":{"line":38,"column":37}},"type":"default-arg","locations":[{"start":{"line":38,"column":35},"end":{"line":38,"column":37}}]},"8":{"loc":{"start":{"line":40,"column":10},"end":{"line":40,"column":25}},"type":"default-arg","locations":[{"start":{"line":40,"column":20},"end":{"line":40,"column":25}}]},"9":{"loc":{"start":{"line":42,"column":2},"end":{"line":59,"column":null}},"type":"if","locations":[{"start":{"line":42,"column":2},"end":{"line":59,"column":null}}]},"10":{"loc":{"start":{"line":44,"column":18},"end":{"line":44,"column":39}},"type":"cond-expr","locations":[{"start":{"line":44,"column":28},"end":{"line":44,"column":35}},{"start":{"line":44,"column":38},"end":{"line":44,"column":39}}]},"11":{"loc":{"start":{"line":45,"column":16},"end":{"line":45,"column":34}},"type":"cond-expr","locations":[{"start":{"line":45,"column":26},"end":{"line":45,"column":28}},{"start":{"line":45,"column":31},"end":{"line":45,"column":34}}]},"12":{"loc":{"start":{"line":46,"column":17},"end":{"line":46,"column":33}},"type":"cond-expr","locations":[{"start":{"line":46,"column":27},"end":{"line":46,"column":29}},{"start":{"line":46,"column":32},"end":{"line":46,"column":33}}]},"13":{"loc":{"start":{"line":48,"column":24},"end":{"line":48,"column":51}},"type":"cond-expr","locations":[{"start":{"line":48,"column":34},"end":{"line":48,"column":41}},{"start":{"line":48,"column":44},"end":{"line":48,"column":51}}]},"14":{"loc":{"start":{"line":50,"column":6},"end":{"line":57,"column":null}},"type":"if","locations":[{"start":{"line":50,"column":6},"end":{"line":57,"column":null}}]},"15":{"loc":{"start":{"line":50,"column":10},"end":{"line":50,"column":45}},"type":"binary-expr","locations":[{"start":{"line":50,"column":10},"end":{"line":50,"column":25}},{"start":{"line":50,"column":29},"end":{"line":50,"column":45}}]},"16":{"loc":{"start":{"line":51,"column":8},"end":{"line":53,"column":null}},"type":"if","locations":[{"start":{"line":51,"column":8},"end":{"line":53,"column":null}}]},"17":{"loc":{"start":{"line":67,"column":10},"end":{"line":67,"column":22}},"type":"default-arg","locations":[{"start":{"line":67,"column":17},"end":{"line":67,"column":22}}]},"18":{"loc":{"start":{"line":67,"column":24},"end":{"line":67,"column":44}},"type":"default-arg","locations":[{"start":{"line":67,"column":39},"end":{"line":67,"column":44}}]},"19":{"loc":{"start":{"line":68,"column":19},"end":{"line":68,"column":55}},"type":"cond-expr","locations":[{"start":{"line":68,"column":36},"end":{"line":68,"column":44}},{"start":{"line":68,"column":47},"end":{"line":68,"column":55}}]},"20":{"loc":{"start":{"line":72,"column":4},"end":{"line":72,"column":29}},"type":"if","locations":[{"start":{"line":72,"column":4},"end":{"line":72,"column":29}}]},"21":{"loc":{"start":{"line":73,"column":4},"end":{"line":92,"column":null}},"type":"if","locations":[{"start":{"line":73,"column":4},"end":{"line":92,"column":null}},{"start":{"line":82,"column":11},"end":{"line":92,"column":null}}]},"22":{"loc":{"start":{"line":74,"column":6},"end":{"line":81,"column":null}},"type":"if","locations":[{"start":{"line":74,"column":6},"end":{"line":81,"column":null}},{"start":{"line":77,"column":13},"end":{"line":81,"column":null}}]},"23":{"loc":{"start":{"line":77,"column":13},"end":{"line":81,"column":null}},"type":"if","locations":[{"start":{"line":77,"column":13},"end":{"line":81,"column":null}}]},"24":{"loc":{"start":{"line":77,"column":17},"end":{"line":77,"column":58}},"type":"binary-expr","locations":[{"start":{"line":77,"column":17},"end":{"line":77,"column":36}},{"start":{"line":77,"column":40},"end":{"line":77,"column":58}}]},"25":{"loc":{"start":{"line":84,"column":6},"end":{"line":91,"column":null}},"type":"if","locations":[{"start":{"line":84,"column":6},"end":{"line":91,"column":null}}]},"26":{"loc":{"start":{"line":85,"column":8},"end":{"line":87,"column":50}},"type":"binary-expr","locations":[{"start":{"line":85,"column":8},"end":{"line":85,"column":23}},{"start":{"line":86,"column":8},"end":{"line":86,"column":21}},{"start":{"line":87,"column":9},"end":{"line":87,"column":23}},{"start":{"line":87,"column":27},"end":{"line":87,"column":49}}]},"27":{"loc":{"start":{"line":95,"column":4},"end":{"line":115,"column":null}},"type":"if","locations":[{"start":{"line":95,"column":4},"end":{"line":115,"column":null}},{"start":{"line":104,"column":11},"end":{"line":115,"column":null}}]},"28":{"loc":{"start":{"line":97,"column":6},"end":{"line":103,"column":null}},"type":"if","locations":[{"start":{"line":97,"column":6},"end":{"line":103,"column":null}},{"start":{"line":100,"column":13},"end":{"line":103,"column":null}}]},"29":{"loc":{"start":{"line":106,"column":6},"end":{"line":114,"column":null}},"type":"if","locations":[{"start":{"line":106,"column":6},"end":{"line":114,"column":null}},{"start":{"line":108,"column":13},"end":{"line":114,"column":null}}]},"30":{"loc":{"start":{"line":110,"column":8},"end":{"line":112,"column":null}},"type":"if","locations":[{"start":{"line":110,"column":8},"end":{"line":112,"column":null}}]},"31":{"loc":{"start":{"line":125,"column":29},"end":{"line":125,"column":78}},"type":"default-arg","locations":[{"start":{"line":125,"column":65},"end":{"line":125,"column":78}}]},"32":{"loc":{"start":{"line":128,"column":29},"end":{"line":128,"column":78}},"type":"default-arg","locations":[{"start":{"line":128,"column":65},"end":{"line":128,"column":78}}]},"33":{"loc":{"start":{"line":132,"column":4},"end":{"line":132,"column":null}},"type":"if","locations":[{"start":{"line":132,"column":4},"end":{"line":132,"column":null}}]},"34":{"loc":{"start":{"line":134,"column":4},"end":{"line":136,"column":null}},"type":"if","locations":[{"start":{"line":134,"column":4},"end":{"line":136,"column":null}}]},"35":{"loc":{"start":{"line":140,"column":4},"end":{"line":140,"column":null}},"type":"if","locations":[{"start":{"line":140,"column":4},"end":{"line":140,"column":null}}]}},"s":{"0":0,"1":0,"2":0,"3":0,"4":0,"5":0,"6":1,"7":3,"8":3,"9":3,"10":3,"11":0,"12":3,"13":1,"14":2,"15":1,"16":1,"17":1,"18":1,"19":0,"20":1,"21":0,"22":1,"23":1,"24":2,"25":2,"26":2,"27":1,"28":1,"29":1,"30":1,"31":1,"32":1,"33":1,"34":1,"35":1,"36":0,"37":1,"38":1,"39":4,"40":4,"41":4,"42":4,"43":7,"44":0,"45":7,"46":4,"47":4,"48":0,"49":0,"50":0,"51":3,"52":3,"53":3,"54":4,"55":0,"56":0,"57":0,"58":0,"59":0,"60":4,"61":4,"62":3,"63":1,"64":1,"65":0,"66":1,"67":4,"68":4,"69":1,"70":1,"71":3,"72":3,"73":0,"74":3,"75":3,"76":0,"77":3,"78":2,"79":0,"80":2},"f":{"0":0,"1":3,"2":1,"3":1,"4":2,"5":4,"6":7,"7":1,"8":3,"9":3,"10":2},"b":{"0":[0],"1":[0],"2":[0,0,0],"3":[0],"4":[1],"5":[0],"6":[0],"7":[2],"8":[2],"9":[1],"10":[0,1],"11":[0,1],"12":[0,1],"13":[0,1],"14":[1],"15":[1,1],"16":[0],"17":[4],"18":[4],"19":[1,3],"20":[0],"21":[4,3],"22":[4,0],"23":[0],"24":[0,0],"25":[3],"26":[3,3,3,0],"27":[0,4],"28":[0,0],"29":[3,1],"30":[0],"31":[1],"32":[3],"33":[0],"34":[0],"35":[0]}}
,"/Users/bytedance/awesome-tree/src/nested.ts": {"path":"/Users/bytedance/awesome-tree/src/nested.ts","statementMap":{"0":{"start":{"line":8,"column":15},"end":{"line":8,"column":27}},"1":{"start":{"line":10,"column":2},"end":{"line":12,"column":null}},"2":{"start":{"line":11,"column":4},"end":{"line":11,"column":null}},"3":{"start":{"line":14,"column":2},"end":{"line":17,"column":null}},"4":{"start":{"line":15,"column":4},"end":{"line":15,"column":null}},"5":{"start":{"line":15,"column":28},"end":{"line":15,"column":null}},"6":{"start":{"line":16,"column":4},"end":{"line":16,"column":null}},"7":{"start":{"line":18,"column":2},"end":{"line":18,"column":null}},"8":{"start":{"line":3,"column":0},"end":{"line":3,"column":16}}},"fnMap":{"0":{"name":"nested","decl":{"start":{"line":3,"column":16},"end":{"line":3,"column":22}},"loc":{"start":{"line":6,"column":27},"end":{"line":19,"column":1}}}},"branchMap":{"0":{"loc":{"start":{"line":6,"column":2},"end":{"line":6,"column":27}},"type":"default-arg","locations":[{"start":{"line":6,"column":22},"end":{"line":6,"column":27}}]},"1":{"loc":{"start":{"line":10,"column":2},"end":{"line":12,"column":null}},"type":"if","locations":[{"start":{"line":10,"column":2},"end":{"line":12,"column":null}}]},"2":{"loc":{"start":{"line":15,"column":4},"end":{"line":15,"column":null}},"type":"if","locations":[{"start":{"line":15,"column":4},"end":{"line":15,"column":null}}]}},"s":{"0":0,"1":0,"2":0,"3":0,"4":0,"5":0,"6":0,"7":0,"8":1},"f":{"0":0},"b":{"0":[0],"1":[0],"2":[0]}}
,"/Users/bytedance/awesome-tree/src/path.ts": {"path":"/Users/bytedance/awesome-tree/src/path.ts","statementMap":{"0":{"start":{"line":14,"column":25},"end":{"line":14,"column":51}},"1":{"start":{"line":16,"column":20},"end":{"line":16,"column":64}},"2":{"start":{"line":18,"column":44},"end":{"line":22,"column":null}},"3":{"start":{"line":24,"column":2},"end":{"line":27,"column":null}},"4":{"start":{"line":25,"column":4},"end":{"line":25,"column":null}},"5":{"start":{"line":26,"column":4},"end":{"line":26,"column":null}},"6":{"start":{"line":28,"column":2},"end":{"line":28,"column":null}},"7":{"start":{"line":30,"column":2},"end":{"line":30,"column":null}},"8":{"start":{"line":30,"column":20},"end":{"line":30,"column":null}},"9":{"start":{"line":32,"column":2},"end":{"line":32,"column":null}},"10":{"start":{"line":32,"column":63},"end":{"line":32,"column":68}},"11":{"start":{"line":34,"column":2},"end":{"line":34,"column":null}},"12":{"start":{"line":9,"column":0},"end":{"line":9,"column":16}}},"fnMap":{"0":{"name":"getPath","decl":{"start":{"line":9,"column":16},"end":{"line":9,"column":23}},"loc":{"start":{"line":12,"column":35},"end":{"line":35,"column":1}}},"1":{"name":"(anonymous_1)","decl":{"start":{"line":32,"column":56},"end":{"line":32,"column":57}},"loc":{"start":{"line":32,"column":63},"end":{"line":32,"column":68}}}},"branchMap":{"0":{"loc":{"start":{"line":11,"column":4},"end":{"line":11,"column":22}},"type":"default-arg","locations":[{"start":{"line":11,"column":18},"end":{"line":11,"column":22}}]},"1":{"loc":{"start":{"line":16,"column":20},"end":{"line":16,"column":64}},"type":"cond-expr","locations":[{"start":{"line":16,"column":34},"end":{"line":16,"column":38}},{"start":{"line":16,"column":41},"end":{"line":16,"column":64}}]},"2":{"loc":{"start":{"line":30,"column":2},"end":{"line":30,"column":null}},"type":"if","locations":[{"start":{"line":30,"column":2},"end":{"line":30,"column":null}}]}},"s":{"0":0,"1":0,"2":0,"3":0,"4":0,"5":0,"6":0,"7":0,"8":0,"9":0,"10":0,"11":0,"12":1},"f":{"0":0,"1":0},"b":{"0":[0],"1":[0,0],"2":[0]}}
,"/Users/bytedance/awesome-tree/test/data-test/data-move.ts": {"path":"/Users/bytedance/awesome-tree/test/data-test/data-move.ts","statementMap":{"0":{"start":{"line":1,"column":13},"end":{"line":55,"column":null}},"1":{"start":{"line":58,"column":13},"end":{"line":77,"column":null}},"2":{"start":{"line":79,"column":13},"end":{"line":105,"column":null}}},"fnMap":{},"branchMap":{},"s":{"0":1,"1":1,"2":1},"f":{},"b":{}}
}
