{"/Users/bytedance/awesome-tree/src/awesome-tree.ts": {"path":"/Users/bytedance/awesome-tree/src/awesome-tree.ts","statementMap":{"0":{"start":{"line":9,"column":0},"end":{"line":9,"column":31}},"1":{"start":{"line":10,"column":0},"end":{"line":10,"column":null}},"2":{"start":{"line":16,"column":0},"end":{"line":16,"column":32}},"3":{"start":{"line":27,"column":46},"end":{"line":27,"column":48}},"4":{"start":{"line":28,"column":2},"end":{"line":59,"column":null}},"5":{"start":{"line":29,"column":40},"end":{"line":29,"column":75}},"6":{"start":{"line":30,"column":4},"end":{"line":30,"column":null}},"7":{"start":{"line":31,"column":4},"end":{"line":31,"column":null}},"8":{"start":{"line":32,"column":4},"end":{"line":32,"column":null}},"9":{"start":{"line":33,"column":4},"end":{"line":33,"column":null}},"10":{"start":{"line":34,"column":4},"end":{"line":34,"column":null}},"11":{"start":{"line":36,"column":24},"end":{"line":36,"column":49}},"12":{"start":{"line":38,"column":4},"end":{"line":50,"column":null}},"13":{"start":{"line":39,"column":6},"end":{"line":47,"column":null}},"14":{"start":{"line":49,"column":6},"end":{"line":49,"column":null}},"15":{"start":{"line":52,"column":4},"end":{"line":52,"column":null}},"16":{"start":{"line":53,"column":4},"end":{"line":53,"column":null}},"17":{"start":{"line":55,"column":4},"end":{"line":57,"column":null}},"18":{"start":{"line":56,"column":6},"end":{"line":56,"column":null}},"19":{"start":{"line":58,"column":4},"end":{"line":58,"column":null}},"20":{"start":{"line":61,"column":2},"end":{"line":61,"column":null}},"21":{"start":{"line":72,"column":6},"end":{"line":72,"column":13}},"22":{"start":{"line":74,"column":25},"end":{"line":74,"column":34}},"23":{"start":{"line":75,"column":32},"end":{"line":75,"column":41}},"24":{"start":{"line":77,"column":31},"end":{"line":84,"column":4}},"25":{"start":{"line":79,"column":6},"end":{"line":79,"column":null}},"26":{"start":{"line":82,"column":6},"end":{"line":82,"column":null}},"27":{"start":{"line":86,"column":46},"end":{"line":91,"column":null}},"28":{"start":{"line":95,"column":4},"end":{"line":95,"column":null}},"29":{"start":{"line":95,"column":21},"end":{"line":95,"column":null}},"30":{"start":{"line":97,"column":24},"end":{"line":97,"column":47}},"31":{"start":{"line":99,"column":4},"end":{"line":99,"column":null}},"32":{"start":{"line":102,"column":38},"end":{"line":110,"column":null}},"33":{"start":{"line":108,"column":6},"end":{"line":108,"column":null}},"34":{"start":{"line":112,"column":2},"end":{"line":112,"column":null}},"35":{"start":{"line":64,"column":0},"end":{"line":64,"column":16}}},"fnMap":{"0":{"name":"generateTreeNodes","decl":{"start":{"line":18,"column":9},"end":{"line":18,"column":26}},"loc":{"start":{"line":25,"column":19},"end":{"line":62,"column":1}}},"1":{"name":"(anonymous_1)","decl":{"start":{"line":28,"column":19},"end":{"line":28,"column":20}},"loc":{"start":{"line":28,"column":38},"end":{"line":59,"column":3}}},"2":{"name":"createAwesomeTree","decl":{"start":{"line":64,"column":16},"end":{"line":64,"column":33}},"loc":{"start":{"line":66,"column":39},"end":{"line":113,"column":1}}},"3":{"name":"(anonymous_3)","decl":{"start":{"line":78,"column":4},"end":{"line":78,"column":8}},"loc":{"start":{"line":78,"column":11},"end":{"line":80,"column":5}}},"4":{"name":"(anonymous_4)","decl":{"start":{"line":81,"column":4},"end":{"line":81,"column":8}},"loc":{"start":{"line":81,"column":16},"end":{"line":83,"column":5}}},"5":{"name":"getNode","decl":{"start":{"line":94,"column":11},"end":{"line":94,"column":18}},"loc":{"start":{"line":94,"column":46},"end":{"line":100,"column":3}}},"6":{"name":"(anonymous_6)","decl":{"start":{"line":107,"column":4},"end":{"line":107,"column":11}},"loc":{"start":{"line":107,"column":69},"end":{"line":109,"column":5}}}},"branchMap":{"0":{"loc":{"start":{"line":24,"column":2},"end":{"line":24,"column":15}},"type":"default-arg","locations":[{"start":{"line":24,"column":11},"end":{"line":24,"column":15}}]},"1":{"loc":{"start":{"line":25,"column":2},"end":{"line":25,"column":19}},"type":"default-arg","locations":[{"start":{"line":25,"column":18},"end":{"line":25,"column":19}}]},"2":{"loc":{"start":{"line":38,"column":4},"end":{"line":50,"column":null}},"type":"if","locations":[{"start":{"line":38,"column":4},"end":{"line":50,"column":null}},{"start":{"line":48,"column":11},"end":{"line":50,"column":null}}]},"3":{"loc":{"start":{"line":55,"column":4},"end":{"line":57,"column":null}},"type":"if","locations":[{"start":{"line":55,"column":4},"end":{"line":57,"column":null}}]},"4":{"loc":{"start":{"line":66,"column":2},"end":{"line":66,"column":39}},"type":"default-arg","locations":[{"start":{"line":66,"column":37},"end":{"line":66,"column":39}}]},"5":{"loc":{"start":{"line":69,"column":4},"end":{"line":69,"column":37}},"type":"default-arg","locations":[{"start":{"line":69,"column":20},"end":{"line":69,"column":37}}]},"6":{"loc":{"start":{"line":70,"column":4},"end":{"line":70,"column":26}},"type":"default-arg","locations":[{"start":{"line":70,"column":13},"end":{"line":70,"column":26}}]},"7":{"loc":{"start":{"line":71,"column":4},"end":{"line":71,"column":36}},"type":"default-arg","locations":[{"start":{"line":71,"column":18},"end":{"line":71,"column":36}}]},"8":{"loc":{"start":{"line":95,"column":4},"end":{"line":95,"column":null}},"type":"if","locations":[{"start":{"line":95,"column":4},"end":{"line":95,"column":null}}]},"9":{"loc":{"start":{"line":107,"column":41},"end":{"line":107,"column":69}},"type":"default-arg","locations":[{"start":{"line":107,"column":67},"end":{"line":107,"column":69}}]}},"s":{"0":2,"1":2,"2":2,"3":7,"4":7,"5":11,"6":11,"7":11,"8":11,"9":11,"10":11,"11":11,"12":11,"13":5,"14":6,"15":11,"16":11,"17":11,"18":6,"19":11,"20":7,"21":2,"22":2,"23":2,"24":2,"25":10,"26":0,"27":2,"28":0,"29":0,"30":0,"31":0,"32":2,"33":1,"34":2,"35":2},"f":{"0":7,"1":11,"2":2,"3":10,"4":0,"5":0,"6":1},"b":{"0":[2],"1":[2],"2":[5,6],"3":[6],"4":[2],"5":[2],"6":[2],"7":[2],"8":[0],"9":[1]}}
,"/Users/bytedance/awesome-tree/src/index.ts": {"path":"/Users/bytedance/awesome-tree/src/index.ts","statementMap":{"0":{"start":{"line":1,"column":0},"end":{"line":1,"column":9}},"1":{"start":{"line":1,"column":9},"end":{"line":1,"column":50}}},"fnMap":{"0":{"name":"(anonymous_0)","decl":{"start":{"line":1,"column":9},"end":{"line":1,"column":26}},"loc":{"start":{"line":1,"column":9},"end":{"line":1,"column":50}}}},"branchMap":{},"s":{"0":2,"1":4},"f":{"0":2},"b":{}}
,"/Users/bytedance/awesome-tree/src/internal.ts": {"path":"/Users/bytedance/awesome-tree/src/internal.ts","statementMap":{"0":{"start":{"line":4,"column":2},"end":{"line":4,"column":null}},"1":{"start":{"line":3,"column":0},"end":{"line":3,"column":16}},"2":{"start":{"line":8,"column":2},"end":{"line":8,"column":null}},"3":{"start":{"line":7,"column":0},"end":{"line":7,"column":16}},"4":{"start":{"line":12,"column":2},"end":{"line":12,"column":null}},"5":{"start":{"line":11,"column":0},"end":{"line":11,"column":16}}},"fnMap":{"0":{"name":"defaultGetChildren","decl":{"start":{"line":3,"column":16},"end":{"line":3,"column":34}},"loc":{"start":{"line":3,"column":55},"end":{"line":5,"column":1}}},"1":{"name":"defaultIsDisabled","decl":{"start":{"line":7,"column":16},"end":{"line":7,"column":33}},"loc":{"start":{"line":7,"column":50},"end":{"line":9,"column":1}}},"2":{"name":"defaultGetKey","decl":{"start":{"line":11,"column":16},"end":{"line":11,"column":29}},"loc":{"start":{"line":11,"column":46},"end":{"line":13,"column":1}}}},"branchMap":{},"s":{"0":11,"1":2,"2":0,"3":2,"4":10,"5":2},"f":{"0":11,"1":0,"2":10},"b":{}}
,"/Users/bytedance/awesome-tree/src/logger.ts": {"path":"/Users/bytedance/awesome-tree/src/logger.ts","statementMap":{"0":{"start":{"line":2,"column":2},"end":{"line":2,"column":null}},"1":{"start":{"line":1,"column":0},"end":{"line":1,"column":16}}},"fnMap":{"0":{"name":"warn","decl":{"start":{"line":1,"column":16},"end":{"line":1,"column":20}},"loc":{"start":{"line":1,"column":32},"end":{"line":3,"column":1}}}},"branchMap":{},"s":{"0":6,"1":2},"f":{"0":6},"b":{}}
,"/Users/bytedance/awesome-tree/src/path.ts": {"path":"/Users/bytedance/awesome-tree/src/path.ts","statementMap":{"0":{"start":{"line":14,"column":25},"end":{"line":14,"column":51}},"1":{"start":{"line":16,"column":20},"end":{"line":16,"column":64}},"2":{"start":{"line":18,"column":38},"end":{"line":22,"column":null}},"3":{"start":{"line":24,"column":2},"end":{"line":27,"column":null}},"4":{"start":{"line":25,"column":4},"end":{"line":25,"column":null}},"5":{"start":{"line":26,"column":4},"end":{"line":26,"column":null}},"6":{"start":{"line":28,"column":2},"end":{"line":28,"column":null}},"7":{"start":{"line":30,"column":2},"end":{"line":30,"column":null}},"8":{"start":{"line":30,"column":20},"end":{"line":30,"column":null}},"9":{"start":{"line":32,"column":2},"end":{"line":32,"column":null}},"10":{"start":{"line":32,"column":63},"end":{"line":32,"column":68}},"11":{"start":{"line":34,"column":2},"end":{"line":34,"column":null}},"12":{"start":{"line":9,"column":0},"end":{"line":9,"column":16}}},"fnMap":{"0":{"name":"getPath","decl":{"start":{"line":9,"column":16},"end":{"line":9,"column":23}},"loc":{"start":{"line":12,"column":29},"end":{"line":35,"column":1}}},"1":{"name":"(anonymous_1)","decl":{"start":{"line":32,"column":56},"end":{"line":32,"column":57}},"loc":{"start":{"line":32,"column":63},"end":{"line":32,"column":68}}}},"branchMap":{"0":{"loc":{"start":{"line":11,"column":4},"end":{"line":11,"column":22}},"type":"default-arg","locations":[{"start":{"line":11,"column":18},"end":{"line":11,"column":22}}]},"1":{"loc":{"start":{"line":16,"column":20},"end":{"line":16,"column":64}},"type":"cond-expr","locations":[{"start":{"line":16,"column":34},"end":{"line":16,"column":38}},{"start":{"line":16,"column":41},"end":{"line":16,"column":64}}]},"2":{"loc":{"start":{"line":30,"column":2},"end":{"line":30,"column":null}},"type":"if","locations":[{"start":{"line":30,"column":2},"end":{"line":30,"column":null}}]}},"s":{"0":1,"1":1,"2":1,"3":1,"4":4,"5":4,"6":1,"7":1,"8":0,"9":1,"10":4,"11":1,"12":2},"f":{"0":1,"1":4},"b":{"0":[1],"1":[0,1],"2":[0]}}
,"/Users/bytedance/awesome-tree/test/tree-data.ts": {"path":"/Users/bytedance/awesome-tree/test/tree-data.ts","statementMap":{"0":{"start":{"line":1,"column":13},"end":{"line":27,"column":null}},"1":{"start":{"line":29,"column":13},"end":{"line":48,"column":null}}},"fnMap":{},"branchMap":{},"s":{"0":2,"1":2},"f":{},"b":{}}
}
