TN:
SF:src/awesome-tree.ts
FN:18,generateTreeNodes
FN:28,(anonymous_1)
FN:64,createAwesomeTree
FN:78,(anonymous_3)
FN:81,(anonymous_4)
FN:94,getNode
FN:107,(anonymous_6)
FNF:7
FNH:5
FNDA:7,generateTreeNodes
FNDA:11,(anonymous_1)
FNDA:2,createAwesomeTree
FNDA:10,(anonymous_3)
FNDA:0,(anonymous_4)
FNDA:0,getNode
FNDA:1,(anonymous_6)
DA:9,2
DA:10,2
DA:16,2
DA:27,7
DA:28,7
DA:29,11
DA:30,11
DA:31,11
DA:32,11
DA:33,11
DA:34,11
DA:36,11
DA:38,11
DA:39,5
DA:49,6
DA:52,11
DA:53,11
DA:55,11
DA:56,6
DA:58,11
DA:61,7
DA:64,2
DA:72,2
DA:74,2
DA:75,2
DA:77,2
DA:79,10
DA:82,0
DA:86,2
DA:95,0
DA:97,0
DA:99,0
DA:102,2
DA:108,1
DA:112,2
LF:35
LH:31
BRDA:24,0,0,2
BRDA:25,1,0,2
BRDA:38,2,0,5
BRDA:38,2,1,6
BRDA:55,3,0,6
BRDA:66,4,0,2
BRDA:69,5,0,2
BRDA:70,6,0,2
BRDA:71,7,0,2
BRDA:95,8,0,0
BRDA:107,9,0,1
BRF:11
BRH:10
end_of_record
TN:
SF:src/index.ts
FN:1,(anonymous_0)
FNF:1
FNH:1
FNDA:2,(anonymous_0)
DA:1,4
LF:1
LH:1
BRF:0
BRH:0
end_of_record
TN:
SF:src/internal.ts
FN:3,defaultGetChildren
FN:7,defaultIsDisabled
FN:11,defaultGetKey
FNF:3
FNH:2
FNDA:11,defaultGetChildren
FNDA:0,defaultIsDisabled
FNDA:10,defaultGetKey
DA:3,2
DA:4,11
DA:7,2
DA:8,0
DA:11,2
DA:12,10
LF:6
LH:5
BRF:0
BRH:0
end_of_record
TN:
SF:src/logger.ts
FN:1,warn
FNF:1
FNH:1
FNDA:6,warn
DA:1,2
DA:2,6
LF:2
LH:2
BRF:0
BRH:0
end_of_record
TN:
SF:src/path.ts
FN:9,getPath
FN:32,(anonymous_1)
FNF:2
FNH:2
FNDA:1,getPath
FNDA:4,(anonymous_1)
DA:9,2
DA:14,1
DA:16,1
DA:18,1
DA:24,1
DA:25,4
DA:26,4
DA:28,1
DA:30,1
DA:32,4
DA:34,1
LF:11
LH:11
BRDA:11,0,0,1
BRDA:16,1,0,0
BRDA:16,1,1,1
BRDA:30,2,0,0
BRF:4
BRH:2
end_of_record
TN:
SF:test/tree-data.ts
FNF:0
FNH:0
DA:1,2
DA:29,2
LF:2
LH:2
BRF:0
BRH:0
end_of_record
