TN:
SF:src/awesome-tree.ts
FN:29,generateTreeNodes
FN:39,(anonymous_1)
FN:78,createAwesomeTree
FN:96,(anonymous_3)
FN:99,(anonymous_4)
FN:102,(anonymous_5)
FN:105,(anonymous_6)
FN:108,(anonymous_7)
FN:111,(anonymous_8)
FN:134,getNode
FN:148,getGroupNode
FN:161,_getNode
FN:174,getPrev
FN:189,getNext
FN:201,getParent
FN:213,getChild
FN:229,(anonymous_16)
FN:233,(anonymous_17)
FN:239,(anonymous_18)
FN:245,(anonymous_19)
FNF:20
FNH:12
FNDA:8,generateTreeNodes
FNDA:19,(anonymous_1)
FNDA:2,createAwesomeTree
FNDA:25,(anonymous_3)
FNDA:4,(anonymous_4)
FNDA:11,(anonymous_5)
FNDA:37,(anonymous_6)
FNDA:0,(anonymous_7)
FNDA:0,(anonymous_8)
FNDA:0,getNode
FNDA:0,getGroupNode
FNDA:9,_getNode
FNDA:1,getPrev
FNDA:3,getNext
FNDA:3,getParent
FNDA:2,getChild
FNDA:0,(anonymous_16)
FNDA:0,(anonymous_17)
FNDA:0,(anonymous_18)
FNDA:0,(anonymous_19)
DA:15,1
DA:24,1
DA:25,1
DA:26,1
DA:27,1
DA:38,8
DA:39,8
DA:41,19
DA:42,19
DA:43,19
DA:44,19
DA:45,19
DA:46,19
DA:47,19
DA:48,19
DA:51,19
DA:52,19
DA:53,19
DA:54,6
DA:66,19
DA:67,19
DA:69,19
DA:70,5
DA:72,19
DA:75,8
DA:78,1
DA:89,2
DA:91,2
DA:92,2
DA:94,2
DA:97,25
DA:100,4
DA:103,11
DA:106,37
DA:109,0
DA:116,0
DA:122,2
DA:135,0
DA:136,0
DA:138,0
DA:139,0
DA:141,0
DA:149,0
DA:150,0
DA:152,0
DA:154,0
DA:164,9
DA:165,9
DA:166,9
DA:167,0
DA:178,1
DA:179,1
DA:180,1
DA:182,1
DA:193,3
DA:194,3
DA:195,3
DA:204,3
DA:205,3
DA:207,3
DA:216,2
DA:217,2
DA:219,2
DA:223,2
DA:230,0
DA:237,0
DA:243,0
DA:246,0
DA:254,2
LF:69
LH:53
BRDA:35,0,0,2
BRDA:36,1,0,2
BRDA:51,2,0,19
BRDA:53,3,0,6
BRDA:69,4,0,5
BRDA:80,5,0,2
BRDA:83,6,0,2
BRDA:84,7,0,2
BRDA:85,8,0,2
BRDA:86,9,0,2
BRDA:87,10,0,2
BRDA:88,11,0,2
BRDA:114,12,0,0
BRDA:135,13,0,0
BRDA:138,14,0,0
BRDA:138,15,0,0
BRDA:138,15,1,0
BRDA:138,15,2,0
BRDA:149,16,0,0
BRDA:152,17,0,0
BRDA:152,18,0,0
BRDA:152,18,1,0
BRDA:164,19,0,0
BRDA:166,20,0,9
BRDA:166,21,0,9
BRDA:166,21,1,9
BRDA:178,22,0,0
BRDA:180,23,0,0
BRDA:194,24,0,0
BRDA:205,25,0,0
BRDA:217,26,0,0
BRDA:229,27,0,0
BRDA:241,28,0,0
BRF:33
BRH:15
end_of_record
TN:
SF:src/flatten.ts
FN:3,hasChildren
FN:7,flatten
FN:13,dfs
FN:15,(anonymous_3)
FN:37,flattenExpandedKeys
FN:45,dfs
FN:47,(anonymous_6)
FNF:7
FNH:0
FNDA:0,hasChildren
FNDA:0,flatten
FNDA:0,dfs
FNDA:0,(anonymous_3)
FNDA:0,flattenExpandedKeys
FNDA:0,dfs
FNDA:0,(anonymous_6)
DA:4,0
DA:7,1
DA:11,0
DA:14,0
DA:15,0
DA:16,0
DA:18,0
DA:19,0
DA:22,0
DA:23,0
DA:27,0
DA:28,0
DA:29,0
DA:30,0
DA:31,0
DA:34,0
DA:37,1
DA:42,0
DA:43,0
DA:46,0
DA:47,0
DA:48,0
DA:51,0
DA:52,0
DA:53,0
DA:54,0
DA:56,0
DA:59,0
DA:60,0
DA:63,0
DA:68,0
DA:69,0
LF:32
LH:2
BRDA:4,0,0,0
BRDA:4,0,1,0
BRDA:9,1,0,0
BRDA:14,2,0,0
BRDA:14,3,0,0
BRDA:14,3,1,0
BRDA:16,4,0,0
BRDA:18,5,0,0
BRDA:22,6,0,0
BRDA:22,7,0,0
BRDA:22,7,1,0
BRDA:27,8,0,0
BRDA:27,8,1,0
BRDA:29,9,0,0
BRDA:39,10,0,0
BRDA:46,11,0,0
BRDA:46,12,0,0
BRDA:46,12,1,0
BRDA:48,13,0,0
BRDA:51,14,0,0
BRDA:51,15,0,0
BRDA:51,15,1,0
BRDA:53,16,0,0
BRDA:53,17,0,0
BRDA:53,17,1,0
BRDA:59,18,0,0
BRDA:59,19,0,0
BRDA:59,19,1,0
BRF:28
BRH:0
end_of_record
TN:
SF:src/index.ts
FN:1,(anonymous_0)
FNF:1
FNH:1
FNDA:2,(anonymous_0)
DA:1,3
LF:1
LH:1
BRF:0
BRH:0
end_of_record
TN:
SF:src/internal-utils.ts
FN:3,defaultGetChildren
FN:7,defaultIsDisabled
FN:11,defaultGetKey
FN:15,defaultIsGroup
FN:19,defaultIsSpectre
FN:23,defaultIsLeaf
FNF:6
FNH:5
FNDA:19,defaultGetChildren
FNDA:4,defaultIsDisabled
FNDA:25,defaultGetKey
FNDA:11,defaultIsGroup
FNDA:37,defaultIsSpectre
FNDA:0,defaultIsLeaf
DA:3,1
DA:4,19
DA:7,1
DA:8,4
DA:11,1
DA:12,25
DA:15,1
DA:16,11
DA:19,1
DA:20,37
DA:23,1
DA:27,0
DA:28,0
DA:29,0
DA:31,0
LF:15
LH:11
BRDA:25,0,0,0
BRDA:28,1,0,0
BRF:2
BRH:0
end_of_record
TN:
SF:src/move.ts
FN:3,getFirstAvailableNode
FN:12,_getNext
FN:22,_getPrev
FN:32,_getParent
FN:36,_getChild
FN:63,getTarget
FN:71,visitor
FN:125,(anonymous_7)
FN:128,(anonymous_8)
FN:131,(anonymous_9)
FN:139,(anonymous_10)
FNF:11
FNH:10
FNDA:0,getFirstAvailableNode
FNDA:3,_getNext
FNDA:1,_getPrev
FNDA:1,_getParent
FNDA:2,_getChild
FNDA:4,getTarget
FNDA:7,visitor
FNDA:1,(anonymous_7)
FNDA:3,(anonymous_8)
FNDA:3,(anonymous_9)
FNDA:2,(anonymous_10)
DA:3,1
DA:6,0
DA:7,0
DA:8,0
DA:9,0
DA:13,3
DA:15,3
DA:16,3
DA:17,3
DA:18,3
DA:19,2
DA:23,1
DA:25,1
DA:26,1
DA:27,1
DA:28,1
DA:29,1
DA:33,1
DA:40,2
DA:41,2
DA:42,2
DA:43,1
DA:44,1
DA:45,1
DA:46,1
DA:48,1
DA:49,1
DA:50,1
DA:51,1
DA:52,0
DA:55,1
DA:60,1
DA:67,4
DA:68,4
DA:69,4
DA:70,4
DA:72,7
DA:73,7
DA:74,4
DA:76,4
DA:77,0
DA:79,0
DA:80,0
DA:84,3
DA:89,3
DA:90,3
DA:95,4
DA:96,0
DA:97,0
DA:98,0
DA:99,0
DA:102,0
DA:105,4
DA:106,4
DA:107,3
DA:109,1
DA:110,1
DA:111,0
DA:113,1
DA:117,4
DA:118,4
DA:121,1
DA:126,1
DA:129,3
DA:132,3
DA:133,3
DA:134,3
DA:135,0
DA:137,3
DA:140,2
DA:141,2
LF:71
LH:56
BRDA:6,0,0,0
BRDA:8,1,0,0
BRDA:8,2,0,0
BRDA:8,2,1,0
BRDA:8,2,2,0
BRDA:17,3,0,0
BRDA:18,4,0,1
BRDA:27,5,0,0
BRDA:28,6,0,0
BRDA:38,7,0,2
BRDA:40,8,0,2
BRDA:42,9,0,1
BRDA:44,10,0,0
BRDA:44,10,1,1
BRDA:45,11,0,0
BRDA:45,11,1,1
BRDA:46,12,0,0
BRDA:46,12,1,1
BRDA:48,13,0,0
BRDA:48,13,1,1
BRDA:50,14,0,1
BRDA:50,15,0,1
BRDA:50,15,1,1
BRDA:51,16,0,0
BRDA:67,17,0,4
BRDA:67,18,0,4
BRDA:68,19,0,1
BRDA:68,19,1,3
BRDA:72,20,0,0
BRDA:73,21,0,4
BRDA:73,21,1,3
BRDA:74,22,0,4
BRDA:74,22,1,0
BRDA:77,23,0,0
BRDA:77,24,0,0
BRDA:77,24,1,0
BRDA:84,25,0,3
BRDA:85,26,0,3
BRDA:85,26,1,3
BRDA:85,26,2,3
BRDA:85,26,3,0
BRDA:95,27,0,0
BRDA:95,27,1,4
BRDA:97,28,0,0
BRDA:97,28,1,0
BRDA:106,29,0,3
BRDA:106,29,1,1
BRDA:110,30,0,0
BRDA:125,31,0,1
BRDA:128,32,0,3
BRDA:132,33,0,0
BRDA:134,34,0,0
BRDA:140,35,0,0
BRF:53
BRH:27
end_of_record
TN:
SF:src/nested.ts
FN:3,nested
FNF:1
FNH:0
FNDA:0,nested
DA:3,1
DA:8,0
DA:10,0
DA:11,0
DA:14,0
DA:15,0
DA:16,0
DA:18,0
LF:8
LH:1
BRDA:6,0,0,0
BRDA:10,1,0,0
BRDA:15,2,0,0
BRF:3
BRH:0
end_of_record
TN:
SF:src/path.ts
FN:9,getPath
FN:32,(anonymous_1)
FNF:2
FNH:0
FNDA:0,getPath
FNDA:0,(anonymous_1)
DA:9,1
DA:14,0
DA:16,0
DA:18,0
DA:24,0
DA:25,0
DA:26,0
DA:28,0
DA:30,0
DA:32,0
DA:34,0
LF:11
LH:1
BRDA:11,0,0,0
BRDA:16,1,0,0
BRDA:16,1,1,0
BRDA:30,2,0,0
BRF:4
BRH:0
end_of_record
TN:
SF:test/data-test/data-move.ts
FNF:0
FNH:0
DA:1,1
DA:58,1
DA:79,1
LF:3
LH:3
BRF:0
BRH:0
end_of_record
